#
# There is insufficient memory for the Java Runtime Environment to continue.
# Native memory allocation (mmap) failed to map 134217728 bytes for G1 virtual space
# Possible reasons:
#   The system is out of physical RAM or swap space
#   The process is running with CompressedOops enabled, and the Java Heap may be blocking the growth of the native heap
# Possible solutions:
#   Reduce memory load on the system
#   Increase physical memory or swap space
#   Check if swap backing store is full
#   Decrease Java heap size (-Xmx/-Xms)
#   Decrease number of Java threads
#   Decrease Java thread stack sizes (-Xss)
#   Set larger code cache with -XX:ReservedCodeCacheSize=
#   JVM is running with Unscaled Compressed Oops mode in which the Java heap is
#     placed in the first 4GB address space. The Java Heap base address is the
#     maximum limit for the native heap growth. Please use -XX:HeapBaseMinAddress
#     to set the Java Heap base and to place the Java Heap above 4GB virtual address.
# This output file may be truncated or incomplete.
#
#  Out of Memory Error (os_windows.cpp:3527), pid=18304, tid=23592
#
# JRE version:  (19.0.1+10) (build )
# Java VM: Java HotSpot(TM) 64-Bit Server VM (19.0.1+10-21, mixed mode, sharing, tiered, compressed oops, compressed class ptrs, g1 gc, windows-amd64)
# No core dump will be written. Minidumps are not enabled by default on client versions of Windows
#

---------------  S U M M A R Y ------------

Command Line: -Dfile.encoding=UTF-8 -XX:+ShowCodeDetailsInExceptionMessages game.MainClass

Host: Intel(R) Core(TM) i5-6200U CPU @ 2.30GHz, 4 cores, 7G,  Windows 10 , 64 bit Build 19041 (10.0.19041.3570)
Time: Sat Feb 10 19:14:00 2024  Windows 10 , 64 bit Build 19041 (10.0.19041.3570) elapsed time: 0.194923 seconds (0d 0h 0m 0s)

---------------  T H R E A D  ---------------

Current thread (0x000001af0f3f4050):  JavaThread "Unknown thread" [_thread_in_vm, id=23592, stack(0x000000203e300000,0x000000203e400000)]

Stack: [0x000000203e300000,0x000000203e400000]
Native frames: (J=compiled Java code, j=interpreted, Vv=VM code, C=native code)
V  [jvm.dll+0x6ee8fa]
V  [jvm.dll+0x857a1e]
V  [jvm.dll+0x85940e]
V  [jvm.dll+0x859ac3]
V  [jvm.dll+0x28291f]
V  [jvm.dll+0x6eb6e9]
V  [jvm.dll+0x6e028a]
V  [jvm.dll+0x357136]
V  [jvm.dll+0x35eb96]
V  [jvm.dll+0x3b555e]
V  [jvm.dll+0x3b578f]
V  [jvm.dll+0x32c6ea]
V  [jvm.dll+0x32d59e]
V  [jvm.dll+0x821b20]
V  [jvm.dll+0x3c27c1]
V  [jvm.dll+0x8022f1]
V  [jvm.dll+0x44b30f]
V  [jvm.dll+0x44cc91]
C  [jli.dll+0x5287]
C  [ucrtbase.dll+0x21bb2]
C  [KERNEL32.DLL+0x17344]
C  [ntdll.dll+0x526b1]


---------------  P R O C E S S  ---------------

Threads class SMR info:
_java_thread_list=0x00007ff9c04dd048, length=0, elements={
}

Java Threads: ( => current thread )

Other Threads:
  0x000001af0f4529b0 WorkerThread "GC Thread#0" [stack: 0x000000203e400000,0x000000203e500000] [id=20940]
  0x000001af0f463590 ConcurrentGCThread "G1 Main Marker" [stack: 0x000000203e500000,0x000000203e600000] [id=21724]
  0x000001af0f465fe0 WorkerThread "G1 Conc#0" [stack: 0x000000203e600000,0x000000203e700000] [id=24236]

[error occurred during error reporting (printing all threads), id 0xc0000005, EXCEPTION_ACCESS_VIOLATION (0xc0000005) at pc=0x00007ff9bfc9d127]

VM state: not at safepoint (not fully initialized)

VM Mutex/Monitor currently owned by a thread:  ([mutex/lock_event])
[0x000001af0f3edfb0] Heap_lock - owner thread: 0x000001af0f3f4050

Heap address: 0x0000000081c00000, size: 2020 MB, Compressed Oops mode: 32-bit

CDS archive(s) mapped at: [0x0000000000000000-0x0000000000000000-0x0000000000000000), size 0, SharedBaseAddress: 0x0000000800000000, ArchiveRelocationMode: 0.
Narrow klass base: 0x0000000000000000, Narrow klass shift: 0, Narrow klass range: 0x0

GC Precious Log:
 CardTable entry size: 512
 Card Set container configuration: InlinePtr #cards 5 size 8 Array Of Cards #cards 12 size 40 Howl #buckets 4 coarsen threshold 1843 Howl Bitmap #cards 512 size 80 coarsen threshold 460 Card regions per heap region 1 cards per card region 2048

Heap:
 garbage-first heap   total 0K, used 0K [0x0000000081c00000, 0x0000000100000000)
  region size 1024K, 0 young (0K), 0 survivors (0K)

[error occurred during error reporting (printing heap information), id 0xc0000005, EXCEPTION_ACCESS_VIOLATION (0xc0000005) at pc=0x00007ff9c00a6959]

GC Heap History (0 events):
No events

Dll operation events (1 events):
Event: 0.186 Loaded shared library C:\Program Files\Java\jdk-19\bin\java.dll

Deoptimization events (0 events):
No events

Classes loaded (0 events):
No events

Classes unloaded (0 events):
No events

Classes redefined (0 events):
No events

Internal exceptions (0 events):
No events

VM Operations (0 events):
No events

Events (0 events):
No events


Dynamic libraries:
0x00007ff666880000 - 0x00007ff666890000 	C:\Program Files\Java\jdk-19\bin\javaw.exe
0x00007ffa27f50000 - 0x00007ffa28147000 	C:\WINDOWS\SYSTEM32\ntdll.dll
0x00007ff9e14e0000 - 0x00007ff9e14f9000 	C:\Program Files\Avast Software\Avast\aswhook.dll
0x00007ffa27da0000 - 0x00007ffa27e5d000 	C:\WINDOWS\System32\KERNEL32.DLL
0x00007ffa25630000 - 0x00007ffa25926000 	C:\WINDOWS\System32\KERNELBASE.dll
0x00007ffa25b80000 - 0x00007ffa25c80000 	C:\WINDOWS\System32\ucrtbase.dll
0x00007ffa20920000 - 0x00007ffa20938000 	C:\Program Files\Java\jdk-19\bin\jli.dll
0x00007ffa27e60000 - 0x00007ffa27f0e000 	C:\WINDOWS\System32\ADVAPI32.dll
0x00007ffa26430000 - 0x00007ffa264ce000 	C:\WINDOWS\System32\msvcrt.dll
0x00007ffa274f0000 - 0x00007ffa2758c000 	C:\WINDOWS\System32\sechost.dll
0x00007ffa27b30000 - 0x00007ffa27c56000 	C:\WINDOWS\System32\RPCRT4.dll
0x00007ffa26160000 - 0x00007ffa262fe000 	C:\WINDOWS\System32\USER32.dll
0x00007ffa25e60000 - 0x00007ffa25e82000 	C:\WINDOWS\System32\win32u.dll
0x00007ffa27680000 - 0x00007ffa276ac000 	C:\WINDOWS\System32\GDI32.dll
0x00007ffa25e90000 - 0x00007ffa25faa000 	C:\WINDOWS\System32\gdi32full.dll
0x00007ffa25930000 - 0x00007ffa259cd000 	C:\WINDOWS\System32\msvcp_win.dll
0x00007ffa114d0000 - 0x00007ffa114eb000 	C:\Program Files\Java\jdk-19\bin\VCRUNTIME140.dll
0x00007ff9fa260000 - 0x00007ff9fa4fa000 	C:\WINDOWS\WinSxS\amd64_microsoft.windows.common-controls_6595b64144ccf1df_6.0.19041.3570_none_60bb2a3971f3e41a\COMCTL32.dll
0x00007ffa13f10000 - 0x00007ffa13f1a000 	C:\WINDOWS\SYSTEM32\VERSION.dll
0x00007ffa274c0000 - 0x00007ffa274f0000 	C:\WINDOWS\System32\IMM32.DLL
0x00007ffa20910000 - 0x00007ffa2091c000 	C:\Program Files\Java\jdk-19\bin\vcruntime140_1.dll
0x00007ff9f52b0000 - 0x00007ff9f533e000 	C:\Program Files\Java\jdk-19\bin\msvcp140.dll
0x00007ff9bf960000 - 0x00007ff9c0620000 	C:\Program Files\Java\jdk-19\bin\server\jvm.dll
0x00007ff9faf60000 - 0x00007ff9faf69000 	C:\WINDOWS\SYSTEM32\WSOCK32.dll
0x00007ffa26ae0000 - 0x00007ffa26b4b000 	C:\WINDOWS\System32\WS2_32.dll
0x00007ff9fc380000 - 0x00007ff9fc3a7000 	C:\WINDOWS\SYSTEM32\WINMM.dll
0x00007ffa24160000 - 0x00007ffa24172000 	C:\WINDOWS\SYSTEM32\kernel.appcore.dll
0x00007ff9ef1b0000 - 0x00007ff9ef1ba000 	C:\Program Files\Java\jdk-19\bin\jimage.dll
0x00007ffa1dfa0000 - 0x00007ffa1e184000 	C:\WINDOWS\SYSTEM32\DBGHELP.DLL
0x00007ffa11bc0000 - 0x00007ffa11bf4000 	C:\WINDOWS\SYSTEM32\dbgcore.DLL
0x00007ffa25c80000 - 0x00007ffa25d02000 	C:\WINDOWS\System32\bcryptPrimitives.dll
0x00007ff9c0c80000 - 0x00007ff9c0ca6000 	C:\Program Files\Java\jdk-19\bin\java.dll

dbghelp: loaded successfully - version: 4.0.5 - missing functions: none
symbol engine: initialized successfully - sym options: 0x614 - pdb path: .;C:\Program Files\Java\jdk-19\bin;C:\WINDOWS\SYSTEM32;C:\Program Files\Avast Software\Avast;C:\WINDOWS\WinSxS\amd64_microsoft.windows.common-controls_6595b64144ccf1df_6.0.19041.3570_none_60bb2a3971f3e41a;C:\Program Files\Java\jdk-19\bin\server

VM Arguments:
jvm_args: -Dfile.encoding=UTF-8 -XX:+ShowCodeDetailsInExceptionMessages 
java_command: game.MainClass
java_class_path (initial): C:\Users\user\Downloads\þþþþþþpatrolling-x - òåú÷ - òåú÷ - òåú÷\bin;C:\Users\user\Downloads\þþþþþþpatrolling-x - òåú÷ - òåú÷ - òåú÷\executor.jar
Launcher Type: SUN_STANDARD

[Global flags]
     intx CICompilerCount                          = 3                                         {product} {ergonomic}
     uint ConcGCThreads                            = 1                                         {product} {ergonomic}
     uint G1ConcRefinementThreads                  = 4                                         {product} {ergonomic}
   size_t G1HeapRegionSize                         = 1048576                                   {product} {ergonomic}
    uintx GCDrainStackTargetSize                   = 64                                        {product} {ergonomic}
   size_t InitialHeapSize                          = 134217728                                 {product} {ergonomic}
   size_t MarkStackSize                            = 4194304                                   {product} {ergonomic}
   size_t MaxHeapSize                              = 2118123520                                {product} {ergonomic}
   size_t MinHeapDeltaBytes                        = 1048576                                   {product} {ergonomic}
   size_t MinHeapSize                              = 8388608                                   {product} {ergonomic}
    uintx NonNMethodCodeHeapSize                   = 5832780                                {pd product} {ergonomic}
    uintx NonProfiledCodeHeapSize                  = 122912730                              {pd product} {ergonomic}
    uintx ProfiledCodeHeapSize                     = 122912730                              {pd product} {ergonomic}
    uintx ReservedCodeCacheSize                    = 251658240                              {pd product} {ergonomic}
     bool SegmentedCodeCache                       = true                                      {product} {ergonomic}
     bool ShowCodeDetailsInExceptionMessages       = true                                   {manageable} {command line}
   size_t SoftMaxHeapSize                          = 2118123520                             {manageable} {ergonomic}
     bool UseCompressedClassPointers               = true                           {product lp64_product} {ergonomic}
     bool UseCompressedOops                        = true                           {product lp64_product} {ergonomic}
     bool UseG1GC                                  = true                                      {product} {ergonomic}
     bool UseLargePagesIndividualAllocation        = false                                  {pd product} {ergonomic}

Logging:
Log output configuration:
 #0: stdout all=warning uptime,level,tags foldmultilines=false
 #1: stderr all=off uptime,level,tags foldmultilines=false

Environment Variables:
PATH=C:/Program Files/Java/jdk-19/bin/server;C:/Program Files/Java/jdk-19/bin;C:/Users/user/AppData/Local/Temp/eoi1693.tmp//plugins/org.eclipse.justj.openjdk.hotspot.jre.minimal.stripped.win32.x86_64_17.0.7.v20230425-1502/jre/bin/server;C:/Users/user/AppData/Local/Temp/eoi1693.tmp//plugins/org.eclipse.justj.openjdk.hotspot.jre.minimal.stripped.win32.x86_64_17.0.7.v20230425-1502/jre/bin;C:\Program Files\Common Files\Oracle\Java\javapath;C:\Program Files (x86)\Common Files\Oracle\Java\javapath;C:\WINDOWS\system32;C:\WINDOWS;C:\WINDOWS\System32\Wbem;C:\WINDOWS\System32\WindowsPowerShell\v1.0\;C:\WINDOWS\System32\OpenSSH\;C:\Program Files (x86)\Intel\Intel(R) Management Engine Components\DAL;C:\Program Files\Intel\Intel(R) Management Engine Components\DAL;C:\Program Files\Intel\WiFi\bin\;C:\Program Files\Common Files\Intel\WirelessCommon\;C:\Program Files\Git\cmd;C:\Users\user\AppData\Local\Microsoft\WindowsApps;C:\Program Files\Intel\WiFi\bin\;C:\Program Files\Common Files\Intel\WirelessCommon\;;C:\Users\user\AppData\Local\Programs\Microsoft VS Code\bin;C:\Program Files\JetBrains\PyCharm 2023.3.2\bin;;C:\WINDOWS\system32;;C:\WINDOWS\system32;
USERNAME=user
OS=Windows_NT
PROCESSOR_IDENTIFIER=Intel64 Family 6 Model 78 Stepping 3, GenuineIntel
TMP=C:\Users\user\AppData\Local\Temp
TEMP=C:\Users\user\AppData\Local\Temp



---------------  S Y S T E M  ---------------

OS:
 Windows 10 , 64 bit Build 19041 (10.0.19041.3570)
OS uptime: 0 days 23:37 hours

CPU: total 4 (initial active 4) (2 cores per cpu, 2 threads per core) family 6 model 78 stepping 3 microcode 0xea, cx8, cmov, fxsr, ht, mmx, 3dnowpref, sse, sse2, sse3, ssse3, sse4.1, sse4.2, popcnt, lzcnt, tsc, tscinvbit, avx, avx2, aes, erms, clmul, bmi1, bmi2, adx, fma, vzeroupper, clflush, clflushopt, rdtscp

Memory: 4k page, system-wide physical 8072M (257M free)
TotalPageFile size 32648M (AvailPageFile size 127M)
current process WorkingSet (physical memory assigned to process): 11M, peak: 11M
current process commit charge ("private bytes"): 52M, peak: 180M

vm_info: Java HotSpot(TM) 64-Bit Server VM (19.0.1+10-21) for windows-amd64 JRE (19.0.1+10-21), built on 2022-09-14T12:45:06Z by "mach5one" with MS VC++ 17.1 (VS2022)

END.
